❯ Building...
✔ Building...
Initial chunk files | Names         |  Raw size
polyfills.js        | polyfills     |  90.20 kB | 
main.js             | main          |  41.84 kB | 
styles.css          | styles        |   1.29 kB | 

                    | Initial total | 133.33 kB

Application bundle generation complete. [1.754 seconds]

Watch mode enabled. Watching for file changes...
NOTE: Raw file sizes do not reflect development server per-request transformations.
  ➜  Local:   http://localhost:4200/
  ➜  press h + enter to show help
❯ Changes detected. Rebuilding...
✔ Changes detected. Rebuilding...

No output file changes.

Application bundle generation complete. [0.415 seconds]

❯ Changes detected. Rebuilding...
✔ Changes detected. Rebuilding...
Initial chunk files | Names | Raw size
main.js             | main  | 42.18 kB | 

Application bundle generation complete. [0.138 seconds]

Page reload sent to client(s).
❯ Changes detected. Rebuilding...
✔ Changes detected. Rebuilding...

Component stylesheet(s) changed.

Application bundle generation complete. [0.017 seconds]

HMR update sent to client(s).
